0
5
[(1) 02/03/2000 "", (2) 02/03/2001 "", (3) 02/03/2002 "", (4) 02/03/2003 "", (5) 02/03/2004 ""]
[(1) 02/03/2000 "", (2) 02/03/2003 "", (3) 02/03/2002 "", (4) 02/03/2001 "", (5) 02/03/2004 ""]
[(1) 02/03/2001 "", (2) 02/03/2002 "", (3) 02/03/2004 "", (4) 02/03/2003 "", (5) 02/03/2000 ""]
Niveles: [(1) 02/03/2000 "", (2) 02/03/2003 "", (3) 02/03/2002 "", (4) 02/03/2004 "", (5) 02/03/2001 ""]
Borrando 2004: 1
4
[(1) 02/03/2000 "", (2) 02/03/2001 "", (3) 02/03/2002 "", (4) 02/03/2003 ""]
[(1) 02/03/2000 "", (2) 02/03/2003 "", (3) 02/03/2002 "", (4) 02/03/2001 ""]
[(1) 02/03/2001 "", (2) 02/03/2002 "", (3) 02/03/2003 "", (4) 02/03/2000 ""]
Niveles: [(1) 02/03/2000 "", (2) 02/03/2003 "", (3) 02/03/2002 "", (4) 02/03/2001 ""]
Borrando 2003: 1
3
[(1) 02/03/2000 "", (2) 02/03/2001 "", (3) 02/03/2002 ""]
[(1) 02/03/2000 "", (2) 02/03/2002 "", (3) 02/03/2001 ""]
[(1) 02/03/2001 "", (2) 02/03/2002 "", (3) 02/03/2000 ""]
Niveles: [(1) 02/03/2000 "", (2) 02/03/2002 "", (3) 02/03/2001 ""]
Borrando 2000: 1
2
[(1) 02/03/2001 "", (2) 02/03/2002 ""]
[(1) 02/03/2002 "", (2) 02/03/2001 ""]
[(1) 02/03/2001 "", (2) 02/03/2002 ""]
Niveles: [(1) 02/03/2002 "", (2) 02/03/2001 ""]
insertando
4
[(1) 02/03/2001 "", (2) 02/03/2002 "", (3) 02/03/2009 "", (4) 02/03/2010 ""]
[(1) 02/03/2002 "", (2) 02/03/2001 "", (3) 02/03/2010 "", (4) 02/03/2009 ""]
[(1) 02/03/2001 "", (2) 02/03/2009 "", (3) 02/03/2010 "", (4) 02/03/2002 ""]
Niveles: [(1) 02/03/2002 "", (2) 02/03/2001 "", (3) 02/03/2010 "", (4) 02/03/2009 ""]
Borrando 2000: 1
3
[(1) 02/03/2001 "", (2) 02/03/2009 "", (3) 02/03/2010 ""]
[(1) 02/03/2001 "", (2) 02/03/2010 "", (3) 02/03/2009 ""]
[(1) 02/03/2009 "", (2) 02/03/2010 "", (3) 02/03/2001 ""]
Niveles: [(1) 02/03/2001 "", (2) 02/03/2010 "", (3) 02/03/2009 ""]
